<?xml version="1.0" encoding="UTF-8"?>
<!-- Generated by org.testng.reporters.JUnitXMLReporter -->
<testsuite ignored="4" hostname="Ammu8867" failures="4" tests="16" name="AmazonParallelTesting" time="577.64" errors="0" timestamp="2024-03-19T12:58:36 IST">
  <testcase classname="AmazonMavenPOM_Test.Amazon_TC08" name="SortProduct" time="34.431">
    <skipped/>
  </testcase> <!-- SortProduct -->
  <testcase classname="AmazonMavenPOM_Test.Amazon_TC08" name="SortProduct" time="40.848">
    <skipped/>
  </testcase> <!-- SortProduct -->
  <testcase classname="AmazonMavenPOM_Test.Amazon_TC08" name="SortProduct" time="35.856">
    <skipped/>
  </testcase> <!-- SortProduct -->
  <testcase classname="AmazonMavenPOM_Test.Amazon_TC08" name="SortProduct" time="26.678">
    <failure type="java.lang.AssertionError" message="expected [Newest Arrivals] but found [3]">
      <![CDATA[java.lang.AssertionError: expected [Newest Arrivals] but found [3]
at AmazonMavenPOM_Pages.Amz_ProductSortPageTC08.SortBY_Newest_Arrivals(Amz_ProductSortPageTC08.java:34)
at AmazonMavenPOM_Test.Amazon_TC08.SortProduct(Amazon_TC08.java:35)
at java.base/java.util.ArrayList.forEach(ArrayList.java:1511)
... Removed 33 stack frames]]>
    </failure>
  </testcase> <!-- SortProduct -->
  <testcase classname="AmazonMavenPOM_Test.Amazon_TC09" name="Verify_Add_To_Cart" time="81.351"/>
  <testcase classname="AmazonMavenPOM_Test.Amazon_TC13" name="ApplYCoupon" time="53.438">
    <failure type="java.lang.AssertionError" message="expected [Shopping Cart] but found [Shopping Cart
Deselect all items]">
      <![CDATA[java.lang.AssertionError: expected [Shopping Cart] but found [Shopping Cart
Deselect all items]
at AmazonMavenPOM_Pages.Amz_UpdateingCartProductPageTC10.ClickOnGoToCart(Amz_UpdateingCartProductPageTC10.java:66)
at AmazonMavenPOM_Test.Amazon_TC13.ApplYCoupon(Amazon_TC13.java:34)
at java.base/java.util.ArrayList.forEach(ArrayList.java:1511)
... Removed 33 stack frames]]>
    </failure>
  </testcase> <!-- ApplYCoupon -->
  <testcase classname="AmazonMavenPOM_Test.Amazon_TC02" name="VerifyValidLoginCred" time="11.636"/>
  <testcase classname="AmazonMavenPOM_Test.Amazon_TC14" name="Give_5star_toLastOrderProduct" time="34.675"/>
  <testcase classname="AmazonMavenPOM_Test.Amazon_TC03" name="ValidateInvalidCredLogin" time="10.134">
    <skipped/>
  </testcase> <!-- ValidateInvalidCredLogin -->
  <testcase classname="AmazonMavenPOM_Test.Amazon_TC03" name="ValidateInvalidCredLogin" time="10.072">
    <skipped/>
  </testcase> <!-- ValidateInvalidCredLogin -->
  <testcase classname="AmazonMavenPOM_Test.Amazon_TC03" name="ValidateInvalidCredLogin" time="10.992"/>
  <testcase classname="AmazonMavenPOM_Test.Amazon_TC11" name="VerifyProChekOut_Address_PaymentMethod_Orderreview" time="10.06">
    <failure type="org.openqa.selenium.json.JsonException" message="java.lang.reflect.InvocationTargetException
Build info: version: &amp;apos;4.12.1&amp;apos;, revision: &amp;apos;8e34639b11&amp;apos;
System info: os.name: &amp;apos;Windows 11&amp;apos;, os.arch: &amp;apos;amd64&amp;apos;, os.version: &amp;apos;10.0&amp;apos;, java.version: &amp;apos;17.0.8&amp;apos;
Driver info: org.openqa.selenium.chrome.ChromeDriver
Command: [56bf021b9695fee243b07445bc032d8f, actions {actions=[org.openqa.selenium.interactions.Sequence@7221539]}]
Capabilities {acceptInsecureCerts: false, browserName: chrome, browserVersion: 122.0.6261.129, chrome: {chromedriverVersion: 122.0.6261.128 (f18a44fedeb..., userDataDir: C:\Users\ameer\AppData\Loca...}, fedcm:accounts: true, goog:chromeOptions: {debuggerAddress: localhost:54617}, networkConnectionEnabled: false, pageLoadStrategy: normal, platformName: windows, proxy: Proxy(), se:cdp: ws://localhost:54617/devtoo..., se:cdpVersion: 122.0.6261.129, setWindowRect: true, strictFileInteractability: false, timeouts: {implicit: 0, pageLoad: 300000, script: 30000}, unhandledPromptBehavior: dismiss and notify, webauthn:extension:credBlob: true, webauthn:extension:largeBlob: true, webauthn:extension:minPinLength: true, webauthn:extension:prf: true, webauthn:virtualAuthenticators: true}
Session ID: 56bf021b9695fee243b07445bc032d8f">
      <![CDATA[org.openqa.selenium.json.JsonException: java.lang.reflect.InvocationTargetException
Build info: version: '4.12.1', revision: '8e34639b11'
System info: os.name: 'Windows 11', os.arch: 'amd64', os.version: '10.0', java.version: '17.0.8'
Driver info: org.openqa.selenium.chrome.ChromeDriver
Command: [56bf021b9695fee243b07445bc032d8f, actions {actions=[org.openqa.selenium.interactions.Sequence@7221539]}]
Capabilities {acceptInsecureCerts: false, browserName: chrome, browserVersion: 122.0.6261.129, chrome: {chromedriverVersion: 122.0.6261.128 (f18a44fedeb..., userDataDir: C:\Users\ameer\AppData\Loca...}, fedcm:accounts: true, goog:chromeOptions: {debuggerAddress: localhost:54617}, networkConnectionEnabled: false, pageLoadStrategy: normal, platformName: windows, proxy: Proxy(), se:cdp: ws://localhost:54617/devtoo..., se:cdpVersion: 122.0.6261.129, setWindowRect: true, strictFileInteractability: false, timeouts: {implicit: 0, pageLoad: 300000, script: 30000}, unhandledPromptBehavior: dismiss and notify, webauthn:extension:credBlob: true, webauthn:extension:largeBlob: true, webauthn:extension:minPinLength: true, webauthn:extension:prf: true, webauthn:virtualAuthenticators: true}
Session ID: 56bf021b9695fee243b07445bc032d8f
at org.openqa.selenium.json.JsonOutput.convertUsingMethod(JsonOutput.java:520)
at org.openqa.selenium.json.JsonOutput.lambda$new$16(JsonOutput.java:182)
at org.openqa.selenium.json.JsonOutput.write0(JsonOutput.java:409)
at org.openqa.selenium.json.JsonOutput.lambda$new$22(JsonOutput.java:204)
at java.base/java.util.stream.ForEachOps$ForEachOp$OfRef.accept(ForEachOps.java:183)
at java.base/java.util.stream.ReferencePipeline$2$1.accept(ReferencePipeline.java:179)
at java.base/java.util.Iterator.forEachRemaining(Iterator.java:133)
at java.base/java.util.Spliterators$IteratorSpliterator.forEachRemaining(Spliterators.java:1845)
at java.base/java.util.stream.AbstractPipeline.copyInto(AbstractPipeline.java:509)
at java.base/java.util.stream.AbstractPipeline.wrapAndCopyInto(AbstractPipeline.java:499)
at java.base/java.util.stream.ForEachOps$ForEachOp.evaluateSequential(ForEachOps.java:150)
at java.base/java.util.stream.ForEachOps$ForEachOp$OfRef.evaluateSequential(ForEachOps.java:173)
at java.base/java.util.stream.AbstractPipeline.evaluate(AbstractPipeline.java:234)
at java.base/java.util.stream.ReferencePipeline.forEach(ReferencePipeline.java:596)
at org.openqa.selenium.json.JsonOutput.lambda$new$23(JsonOutput.java:204)
at org.openqa.selenium.json.JsonOutput.write0(JsonOutput.java:409)
at org.openqa.selenium.json.JsonOutput.lambda$new$24(JsonOutput.java:222)
at com.google.common.collect.SingletonImmutableBiMap.forEach(SingletonImmutableBiMap.java:68)
at org.openqa.selenium.json.JsonOutput.lambda$new$25(JsonOutput.java:217)
at org.openqa.selenium.json.JsonOutput.write0(JsonOutput.java:409)
at org.openqa.selenium.json.JsonOutput.write(JsonOutput.java:400)
at org.openqa.selenium.json.Json.toJson(Json.java:133)
at org.openqa.selenium.json.Json.toJson(Json.java:119)
at org.openqa.selenium.remote.codec.AbstractHttpCommandCodec.encode(AbstractHttpCommandCodec.java:273)
at org.openqa.selenium.remote.codec.AbstractHttpCommandCodec.encode(AbstractHttpCommandCodec.java:127)
at org.openqa.selenium.remote.HttpCommandExecutor.execute(HttpCommandExecutor.java:179)
at org.openqa.selenium.remote.service.DriverCommandExecutor.invokeExecute(DriverCommandExecutor.java:196)
at org.openqa.selenium.remote.service.DriverCommandExecutor.execute(DriverCommandExecutor.java:171)
at org.openqa.selenium.remote.RemoteWebDriver.execute(RemoteWebDriver.java:602)
at org.openqa.selenium.remote.RemoteWebDriver.perform(RemoteWebDriver.java:688)
at org.openqa.selenium.interactions.Actions$BuiltAction.perform(Actions.java:605)
at org.openqa.selenium.interactions.Actions.perform(Actions.java:574)
at AmazonMavenPOM_Pages.Amz_LoginPage.HoverOnSignIn(Amz_LoginPage.java:58)
at AmazonMavenPOM_Test.Amazon_TC11.VerifyProChekOut_Address_PaymentMethod_Orderreview(Amazon_TC11.java:28)
at java.base/java.util.ArrayList.forEach(ArrayList.java:1511)
Suppressed: org.openqa.selenium.json.JsonException: Attempting to close incomplete json stream
Build info: version: '4.12.1', revision: '8e34639b11'
System info: os.name: 'Windows 11', os.arch: 'amd64', os.version: '10.0', java.version: '17.0.8'
Driver info: driver.version: RemoteWebDriver
at org.openqa.selenium.json.JsonOutput.close(JsonOutput.java:431)
at org.openqa.selenium.json.Json.toJson(Json.java:131)
... 40 more
at org.openqa.selenium.json.JsonOutput.convertUsingMethod(JsonOutput.java:516)
... 61 more
Caused by: org.openqa.selenium.NoSuchElementException: no such element: Unable to locate element: {"method":"xpath","selector":"//a[@id="nav-link-accountList"]"}
  (Session info: chrome=122.0.6261.129)
For documentation on this error, please visit: https://www.selenium.dev/documentation/webdriver/troubleshooting/errors#no-such-element-exception
Build info: version: '4.12.1', revision: '8e34639b11'
System info: os.name: 'Windows 11', os.arch: 'amd64', os.version: '10.0', java.version: '17.0.8'
Driver info: org.openqa.selenium.chrome.ChromeDriver
Command: [56bf021b9695fee243b07445bc032d8f, findElement {using=xpath, value=//a[@id="nav-link-accountList"]}]
Capabilities {acceptInsecureCerts: false, browserName: chrome, browserVersion: 122.0.6261.129, chrome: {chromedriverVersion: 122.0.6261.128 (f18a44fedeb..., userDataDir: C:\Users\ameer\AppData\Loca...}, fedcm:accounts: true, goog:chromeOptions: {debuggerAddress: localhost:54617}, networkConnectionEnabled: false, pageLoadStrategy: normal, platformName: windows, proxy: Proxy(), se:cdp: ws://localhost:54617/devtoo..., se:cdpVersion: 122.0.6261.129, setWindowRect: true, strictFileInteractability: false, timeouts: {implicit: 0, pageLoad: 300000, script: 30000}, unhandledPromptBehavior: dismiss and notify, webauthn:extension:credBlob: true, webauthn:extension:largeBlob: true, webauthn:extension:minPinLength: true, webauthn:extension:prf: true, webauthn:virtualAuthenticators: true}
Session ID: 56bf021b9695fee243b07445bc032d8f
at org.openqa.selenium.remote.codec.w3c.W3CHttpResponseCodec.createException(W3CHttpResponseCodec.java:200)
at org.openqa.selenium.remote.codec.w3c.W3CHttpResponseCodec.decode(W3CHttpResponseCodec.java:133)
at org.openqa.selenium.remote.codec.w3c.W3CHttpResponseCodec.decode(W3CHttpResponseCodec.java:52)
at org.openqa.selenium.remote.HttpCommandExecutor.execute(HttpCommandExecutor.java:191)
at org.openqa.selenium.remote.service.DriverCommandExecutor.invokeExecute(DriverCommandExecutor.java:196)
at org.openqa.selenium.remote.service.DriverCommandExecutor.execute(DriverCommandExecutor.java:171)
at org.openqa.selenium.remote.RemoteWebDriver.execute(RemoteWebDriver.java:602)
at org.openqa.selenium.remote.ElementLocation$ElementFinder$2.findElement(ElementLocation.java:165)
at org.openqa.selenium.remote.ElementLocation.findElement(ElementLocation.java:59)
at org.openqa.selenium.remote.RemoteWebDriver.findElement(RemoteWebDriver.java:359)
at org.openqa.selenium.remote.RemoteWebDriver.findElement(RemoteWebDriver.java:353)
at org.openqa.selenium.support.pagefactory.DefaultElementLocator.findElement(DefaultElementLocator.java:68)
at org.openqa.selenium.support.pagefactory.internal.LocatingElementHandler.invoke(LocatingElementHandler.java:38)
at jdk.proxy2/jdk.proxy2.$Proxy17.getWrappedElement(Unknown Source)
at org.openqa.selenium.interactions.PointerInput$Origin.asArg(PointerInput.java:259)
at org.openqa.selenium.interactions.PointerInput$Move.encode(PointerInput.java:208)
at org.openqa.selenium.interactions.Sequence.encode(Sequence.java:72)
at org.openqa.selenium.interactions.Sequence.toJson(Sequence.java:81)
... 66 more
... Removed 37 stack frames]]>
    </failure>
  </testcase> <!-- VerifyProChekOut_Address_PaymentMethod_Orderreview -->
  <testcase classname="AmazonMavenPOM_Test.Amazon_TC01" name="RegisterNewuser" time="7.966"/>
  <testcase classname="AmazonMavenPOM_Test.Amazon_TC07" name="Verify_Price_Review_Descri" time="68.531"/>
  <testcase classname="AmazonMavenPOM_Test.Amazon_TC05" name="AmazonSearchProduct" time="28.344"/>
  <testcase classname="AmazonMavenPOM_Test.Amazon_TC10" name="Abc" time="33.608">
    <failure type="java.lang.AssertionError" message="expected [Shopping Cart] but found [Shopping Cart
Deselect all items]">
      <![CDATA[java.lang.AssertionError: expected [Shopping Cart] but found [Shopping Cart
Deselect all items]
at AmazonMavenPOM_Pages.Amz_UpdateingCartProductPageTC10.ClickOnGoToCart(Amz_UpdateingCartProductPageTC10.java:66)
at AmazonMavenPOM_Test.Amazon_TC10.Abc(Amazon_TC10.java:36)
at java.base/java.util.ArrayList.forEach(ArrayList.java:1511)
... Removed 33 stack frames]]>
    </failure>
  </testcase> <!-- Abc -->
  <testcase classname="AmazonMavenPOM_Test.Amazon_TC04" name="AmzonEditProfile" time="0.0">
    <ignored/>
  </testcase> <!-- AmzonEditProfile -->
  <testcase classname="AmazonMavenPOM_Test.Amazon_TC12" name="Verify_ProductCount_CheckOut" time="0.0">
    <ignored/>
  </testcase> <!-- Verify_ProductCount_CheckOut -->
  <testcase classname="AmazonMavenPOM_Test.Amazon_TC06" name="VerifyFilteredProductPrice" time="0.0">
    <ignored/>
  </testcase> <!-- VerifyFilteredProductPrice -->
  <testcase classname="AmazonMavenPOM_Test.Amazon_TC15" name="NavigateToCartPageWithOutLogin" time="0.0">
    <ignored/>
  </testcase> <!-- NavigateToCartPageWithOutLogin -->
</testsuite> <!-- AmazonParallelTesting -->
